\BOOKMARK [1][-]{section*.1}{\376\377\000A\000b\000s\000t\000r\000a\000c\000t}{}% 1
\BOOKMARK [1][-]{section.1}{\376\377\0001\000\040\000I\000n\000t\000r\000o\000d\000u\000c\000t\000i\000o\000n}{}% 2
\BOOKMARK [1][-]{section.2}{\376\377\0002\000\040\000T\000h\000r\000e\000a\000t\000\040\000L\000a\000n\000d\000s\000c\000a\000p\000e\000\040\000a\000n\000d\000\040\000D\000e\000f\000e\000n\000s\000e\000\040\000O\000p\000t\000i\000o\000n\000s}{}% 3
\BOOKMARK [1][-]{section.3}{\376\377\0003\000\040\000T\000h\000e\000\040\000L\000L\000M\000\040\000F\000i\000r\000e\000w\000a\000l\000l\000\040\000A\000r\000c\000h\000i\000t\000e\000c\000t\000u\000r\000e}{}% 4
\BOOKMARK [2][-]{subsection.3.1}{\376\377\0003\000.\0001\000\040\000N\000o\000r\000m\000a\000l\000i\000z\000e\000r\000:\000\040\000D\000e\000f\000e\000a\000t\000i\000n\000g\000\040\000O\000b\000f\000u\000s\000c\000a\000t\000i\000o\000n}{section.3}% 5
\BOOKMARK [2][-]{subsection.3.2}{\376\377\0003\000.\0002\000\040\000S\000i\000g\000n\000a\000t\000u\000r\000e\000\040\000D\000e\000t\000e\000c\000t\000o\000r\000:\000\040\000P\000a\000t\000t\000e\000r\000n\000\040\000M\000a\000t\000c\000h\000i\000n\000g\000\040\000f\000o\000r\000\040\000K\000n\000o\000w\000n\000\040\000A\000t\000t\000a\000c\000k\000s}{section.3}% 6
\BOOKMARK [2][-]{subsection.3.3}{\376\377\0003\000.\0003\000\040\000S\000e\000m\000a\000n\000t\000i\000c\000\040\000D\000e\000t\000e\000c\000t\000o\000r\000:\000\040\000E\000m\000b\000e\000d\000d\000i\000n\000g\000-\000B\000a\000s\000e\000d\000\040\000S\000i\000m\000i\000l\000a\000r\000i\000t\000y}{section.3}% 7
\BOOKMARK [2][-]{subsection.3.4}{\376\377\0003\000.\0004\000\040\000O\000R\000-\000F\000u\000s\000i\000o\000n\000:\000\040\000C\000o\000m\000b\000i\000n\000i\000n\000g\000\040\000D\000e\000t\000e\000c\000t\000o\000r\000s}{section.3}% 8
\BOOKMARK [2][-]{subsection.3.5}{\376\377\0003\000.\0005\000\040\000T\000w\000o\000\040\000O\000p\000e\000r\000a\000t\000i\000o\000n\000a\000l\000\040\000M\000o\000d\000e\000s}{section.3}% 9
\BOOKMARK [1][-]{section.4}{\376\377\0004\000\040\000E\000v\000a\000l\000u\000a\000t\000i\000o\000n}{}% 10
\BOOKMARK [2][-]{subsection.4.1}{\376\377\0004\000.\0001\000\040\000D\000a\000t\000a\000s\000e\000t\000s}{section.4}% 11
\BOOKMARK [2][-]{subsection.4.2}{\376\377\0004\000.\0002\000\040\000D\000e\000t\000e\000c\000t\000i\000o\000n\000\040\000R\000e\000s\000u\000l\000t\000s}{section.4}% 12
\BOOKMARK [1][-]{section.5}{\376\377\0005\000\040\000D\000e\000p\000l\000o\000y\000m\000e\000n\000t\000\040\000G\000u\000i\000d\000e}{}% 13
\BOOKMARK [2][-]{subsection.5.1}{\376\377\0005\000.\0001\000\040\000I\000n\000t\000e\000g\000r\000a\000t\000i\000o\000n\000\040\000A\000r\000c\000h\000i\000t\000e\000c\000t\000u\000r\000e}{section.5}% 14
\BOOKMARK [2][-]{subsection.5.2}{\376\377\0005\000.\0002\000\040\000P\000h\000a\000s\000e\000d\000\040\000R\000o\000l\000l\000o\000u\000t\000\040\000P\000l\000a\000n}{section.5}% 15
\BOOKMARK [2][-]{subsection.5.3}{\376\377\0005\000.\0003\000\040\000O\000n\000g\000o\000i\000n\000g\000\040\000M\000a\000i\000n\000t\000e\000n\000a\000n\000c\000e}{section.5}% 16
\BOOKMARK [1][-]{section.6}{\376\377\0006\000\040\000D\000i\000s\000c\000u\000s\000s\000i\000o\000n}{}% 17
\BOOKMARK [2][-]{subsection.6.1}{\376\377\0006\000.\0001\000\040\000I\000n\000p\000u\000t\000\040\000V\000a\000l\000i\000d\000a\000t\000i\000o\000n\000\040\000a\000s\000\040\000a\000\040\000S\000e\000c\000u\000r\000i\000t\000y\000\040\000P\000r\000i\000m\000i\000t\000i\000v\000e}{section.6}% 18
\BOOKMARK [2][-]{subsection.6.2}{\376\377\0006\000.\0002\000\040\000L\000i\000m\000i\000t\000a\000t\000i\000o\000n\000s}{section.6}% 19
\BOOKMARK [2][-]{subsection.6.3}{\376\377\0006\000.\0003\000\040\000F\000u\000t\000u\000r\000e\000\040\000D\000i\000r\000e\000c\000t\000i\000o\000n\000s}{section.6}% 20
\BOOKMARK [1][-]{section.7}{\376\377\0007\000\040\000C\000o\000n\000c\000l\000u\000s\000i\000o\000n}{}% 21
\BOOKMARK [1][-]{section*.23}{\376\377\000A\000c\000k\000n\000o\000w\000l\000e\000d\000g\000m\000e\000n\000t\000s}{}% 22
\BOOKMARK [1][-]{section*.25}{\376\377\000R\000e\000f\000e\000r\000e\000n\000c\000e\000s}{}% 23
